<?xml version="1.0" encoding="UTF-8"?>
<!-- Generated by org.testng.reporters.JUnitXMLReporter -->
<testsuite hostname="Humaira" ignored="0" name="Bank Test" tests="2" failures="0" timestamp="2022-12-12T17:32:58 GMT" time="16.173" errors="0">
  <testcase name="userShouldNavigateToLoginPageSuccessfully" time="1.518" classname="com.ultimateqa.courses.testsuite.HomePageTest"/>
  <testcase name="verifyTheErrorMessage" time="3.359" classname="com.ultimateqa.courses.testsuite.HomePageTest"/>
</testsuite> <!-- Bank Test -->
