<?xml version="1.0" encoding="UTF-8"?>
<testng-results skipped="0" failed="0" ignored="1" total="2" passed="1">
  <reporter-output>
    <line>
      <![CDATA[Click on Sign In Link[[ChromeDriver: chrome on WINDOWS (0c806c835504c8de6c5192721915174b)] -> link text: Sign In]]]>
    </line>
    <line>
      <![CDATA[Enter email test12@gmail.com in the email address field[[ChromeDriver: chrome on WINDOWS (0c806c835504c8de6c5192721915174b)] -> id: user[email]]]]>
    </line>
    <line>
      <![CDATA[Enter password test123456 in the password field[[ChromeDriver: chrome on WINDOWS (0c806c835504c8de6c5192721915174b)] -> id: user[password]]]]>
    </line>
    <line>
      <![CDATA[Click on sign in button[[ChromeDriver: chrome on WINDOWS (0c806c835504c8de6c5192721915174b)] -> xpath: //button[contains(text(),'Sign in')]]]]>
    </line>
    <line>
      <![CDATA[Verify invalid credentials Error message[[ChromeDriver: chrome on WINDOWS (0c806c835504c8de6c5192721915174b)] -> xpath: //li[contains(text(),'Invalid email or password.')]]]]>
    </line>
  </reporter-output>
  <suite name="Smoke Test" duration-ms="9710" started-at="2022-12-12T17:35:50 GMT" finished-at="2022-12-12T17:35:59 GMT">
    <groups>
      <group name="regression">
        <method signature="HomePageTest.verifyTheErrorMessage()[pri:0, instance:com.ultimateqa.courses.testsuite.HomePageTest@eb21112]" name="verifyTheErrorMessage" class="com.ultimateqa.courses.testsuite.HomePageTest"/>
      </group> <!-- regression -->
      <group name="smoke">
        <method signature="HomePageTest.verifyTheErrorMessage()[pri:0, instance:com.ultimateqa.courses.testsuite.HomePageTest@eb21112]" name="verifyTheErrorMessage" class="com.ultimateqa.courses.testsuite.HomePageTest"/>
      </group> <!-- smoke -->
    </groups>
    <test name="Smoke Test" duration-ms="9710" started-at="2022-12-12T17:35:50 GMT" finished-at="2022-12-12T17:35:59 GMT">
      <class name="com.ultimateqa.courses.testsuite.HomePageTest">
        <test-method status="PASS" signature="setUp()[pri:0, instance:com.ultimateqa.courses.testsuite.HomePageTest@eb21112]" name="setUp" is-config="true" duration-ms="5632" started-at="2022-12-12T17:35:50 GMT" finished-at="2022-12-12T17:35:55 GMT">
          <reporter-output>
          </reporter-output>
        </test-method> <!-- setUp -->
        <test-method status="PASS" signature="inIt()[pri:0, instance:com.ultimateqa.courses.testsuite.HomePageTest@eb21112]" name="inIt" is-config="true" duration-ms="10" started-at="2022-12-12T17:35:55 GMT" finished-at="2022-12-12T17:35:55 GMT">
          <reporter-output>
          </reporter-output>
        </test-method> <!-- inIt -->
        <test-method status="PASS" signature="verifyTheErrorMessage()[pri:0, instance:com.ultimateqa.courses.testsuite.HomePageTest@eb21112]" name="verifyTheErrorMessage" duration-ms="3185" started-at="2022-12-12T17:35:55 GMT" finished-at="2022-12-12T17:35:59 GMT">
          <reporter-output>
            <line>
              <![CDATA[Click on Sign In Link[[ChromeDriver: chrome on WINDOWS (0c806c835504c8de6c5192721915174b)] -> link text: Sign In]]]>
            </line>
            <line>
              <![CDATA[Enter email test12@gmail.com in the email address field[[ChromeDriver: chrome on WINDOWS (0c806c835504c8de6c5192721915174b)] -> id: user[email]]]]>
            </line>
            <line>
              <![CDATA[Enter password test123456 in the password field[[ChromeDriver: chrome on WINDOWS (0c806c835504c8de6c5192721915174b)] -> id: user[password]]]]>
            </line>
            <line>
              <![CDATA[Click on sign in button[[ChromeDriver: chrome on WINDOWS (0c806c835504c8de6c5192721915174b)] -> xpath: //button[contains(text(),'Sign in')]]]]>
            </line>
            <line>
              <![CDATA[Verify invalid credentials Error message[[ChromeDriver: chrome on WINDOWS (0c806c835504c8de6c5192721915174b)] -> xpath: //li[contains(text(),'Invalid email or password.')]]]]>
            </line>
          </reporter-output>
        </test-method> <!-- verifyTheErrorMessage -->
        <test-method status="PASS" signature="tearDown()[pri:0, instance:com.ultimateqa.courses.testsuite.HomePageTest@eb21112]" name="tearDown" is-config="true" duration-ms="661" started-at="2022-12-12T17:35:59 GMT" finished-at="2022-12-12T17:35:59 GMT">
          <reporter-output>
          </reporter-output>
        </test-method> <!-- tearDown -->
      </class> <!-- com.ultimateqa.courses.testsuite.HomePageTest -->
    </test> <!-- Smoke Test -->
  </suite> <!-- Smoke Test -->
</testng-results>
