<?xml version="1.0" encoding="UTF-8"?>
<!-- Generated by org.testng.reporters.JUnitXMLReporter -->
<testsuite hostname="Humaira" ignored="1" name="Smoke Test" tests="1" failures="0" timestamp="2022-12-12T17:35:59 GMT" time="9.71" errors="0">
  <testcase name="verifyTheErrorMessage" time="3.185" classname="com.ultimateqa.courses.testsuite.HomePageTest"/>
  <testcase name="userShouldNavigateToLoginPageSuccessfully" time="0.0" classname="com.ultimateqa.courses.testsuite.HomePageTest">
    <ignored/>
  </testcase> <!-- userShouldNavigateToLoginPageSuccessfully -->
</testsuite> <!-- Smoke Test -->
