<?xml version="1.0" encoding="UTF-8"?>
<!-- Generated by org.testng.reporters.JUnitXMLReporter -->
<testsuite hostname="Humaira" ignored="0" name="Regression Test" tests="2" failures="0" timestamp="2022-12-12T17:34:04 GMT" time="15.755" errors="0">
  <testcase name="userShouldNavigateToLoginPageSuccessfully" time="1.527" classname="com.ultimateqa.courses.testsuite.HomePageTest"/>
  <testcase name="verifyTheErrorMessage" time="3.444" classname="com.ultimateqa.courses.testsuite.HomePageTest"/>
</testsuite> <!-- Regression Test -->
