<?xml version="1.0" encoding="UTF-8"?>
<!-- Generated by org.testng.reporters.JUnitXMLReporter -->
<testsuite hostname="Humaira" ignored="1" name="Sanity Test" tests="1" failures="0" timestamp="2022-12-12T17:34:49 GMT" time="6.95" errors="0">
  <testcase name="userShouldNavigateToLoginPageSuccessfully" time="1.494" classname="com.ultimateqa.courses.testsuite.HomePageTest"/>
  <testcase name="verifyTheErrorMessage" time="0.0" classname="com.ultimateqa.courses.testsuite.HomePageTest">
    <ignored/>
  </testcase> <!-- verifyTheErrorMessage -->
</testsuite> <!-- Sanity Test -->
